<?xml version="1.0" encoding="UTF-8"?>
<!-- Generated by org.testng.reporters.JUnitXMLReporter -->
<testsuite ignored="0" hostname="Shubham" failures="1" tests="3" name="LoginPage Tests" time="22.756" errors="0" timestamp="2024-09-05T07:59:10 IST">
  <testcase classname="com.framework.YourStore.tests.LoginPageTest" name="navigateToLoginPageTest" time="0.559"/>
  <testcase classname="com.framework.YourStore.tests.LoginPageTest" name="urlTest" time="1.921"/>
  <testcase classname="com.framework.YourStore.tests.LoginPageTest" name="loginTest" time="5.043">
    <failure type="java.lang.AssertionError" message="expected [true] but found [false]">
      <![CDATA[java.lang.AssertionError: expected [true] but found [false]
at com.framework.YourStore.tests.LoginPageTest.loginTest(LoginPageTest.java:28)
at java.base/java.util.ArrayList.forEach(ArrayList.java:1511)
at java.base/java.util.concurrent.FutureTask.run(FutureTask.java:264)
at java.base/java.util.concurrent.ThreadPoolExecutor.runWorker(ThreadPoolExecutor.java:1136)
at java.base/java.util.concurrent.ThreadPoolExecutor$Worker.run(ThreadPoolExecutor.java:635)
at java.base/java.lang.Thread.run(Thread.java:840)
... Removed 24 stack frames]]>
    </failure>
  </testcase> <!-- loginTest -->
</testsuite> <!-- LoginPage Tests -->
