<?xml version="1.0" encoding="UTF-8"?>
<!-- Generated by org.testng.reporters.JUnitXMLReporter -->
<testsuite ignored="0" hostname="Shubham" failures="1" tests="3" name="RegisterPage Tests" time="21.027" errors="0" timestamp="2024-09-09T12:34:02 IST">
  <testcase classname="com.framework.YourStore.tests.RegisterPageTest" name="navigateToRegisterPageTest" time="0.697"/>
  <testcase classname="com.framework.YourStore.tests.RegisterPageTest" name="pageUrlTest" time="0.561"/>
  <testcase classname="com.framework.YourStore.tests.RegisterPageTest" name="doRegisterNewUserTest" time="6.395">
    <failure type="java.lang.AssertionError" message="expected [true] but found [false]">
      <![CDATA[java.lang.AssertionError: expected [true] but found [false]
at com.framework.YourStore.tests.RegisterPageTest.doRegisterNewUserTest(RegisterPageTest.java:35)
at java.base/java.util.ArrayList.forEach(ArrayList.java:1511)
at java.base/java.util.concurrent.FutureTask.run(FutureTask.java:264)
at java.base/java.util.concurrent.ThreadPoolExecutor.runWorker(ThreadPoolExecutor.java:1136)
at java.base/java.util.concurrent.ThreadPoolExecutor$Worker.run(ThreadPoolExecutor.java:635)
at java.base/java.lang.Thread.run(Thread.java:840)
... Removed 24 stack frames]]>
    </failure>
  </testcase> <!-- doRegisterNewUserTest -->
</testsuite> <!-- RegisterPage Tests -->
