<!DOCTYPE html PUBLIC "-//W3C//DTD XHTML 1.1//EN" "https://www.w3.org/TR/xhtml11/DTD/xhtml11.dtd">
<html xmlns="https://www.w3.org/1999/xhtml">
<head>
<meta http-equiv="content-type" content="text/html; charset=UTF-8"/>
<title>TestNG Report</title>
<style type="text/css">table {margin-bottom:10px;border-collapse:collapse;empty-cells:show}th,td {border:1px solid #009;padding:.25em .5em}th {vertical-align:bottom}td {vertical-align:top}table a {font-weight:bold}.stripe td {background-color: #E6EBF9}.num {text-align:right}.passedodd td {background-color: #3F3}.passedeven td {background-color: #0A0}.skippedodd td {background-color: #DDD}.skippedeven td {background-color: #CCC}.failedodd td,.attn {background-color: #F33}.failedeven td,.stripe .attn {background-color: #D00}.stacktrace {white-space:pre;font-family:monospace}.totop {font-size:85%;text-align:center;border-bottom:2px solid #000}.invisible {display:none}</style>
</head>
<body>
<table>
<tr><th>Test</th><th># Passed</th><th># Skipped</th><th># Retried</th><th># Failed</th><th>Time (ms)</th><th>Included Groups</th><th>Excluded Groups</th></tr>
<tr><th colspan="8">Suite</th></tr>
<tr><td><a href="#t0">HomePage Tests</a></td><td class="num">5</td><td class="num">0</td><td class="num">0</td><td class="num">0</td><td class="num">19,865</td><td></td><td></td></tr>
<tr class="stripe"><td><a href="#t1">LoginPage Tests</a></td><td class="num">2</td><td class="num">0</td><td class="num">0</td><td class="num attn">1</td><td class="num">22,756</td><td></td><td></td></tr>
<tr><td><a href="#t2">RegisterPage Tests</a></td><td class="num">2</td><td class="num">0</td><td class="num">0</td><td class="num attn">1</td><td class="num">23,884</td><td></td><td></td></tr>
<tr><th>Total</th><th class="num">9</th><th class="num">0</th><th class="num">0</th><th class="num attn">2</th><th class="num">66,505</th><th colspan="2"></th></tr>
</table>
<table id='summary'><thead><tr><th>Class</th><th>Method</th><th>Start</th><th>Time (ms)</th></tr></thead><tbody><tr><th colspan="4">Suite</th></tr></tbody><tbody id="t0"><tr><th colspan="4">HomePage Tests &#8212; passed</th></tr><tr class="passedeven"><td rowspan="5">com.framework.YourStore.tests.HomepageTest</td><td><a href="#m0">searchTest</a></td><td rowspan="3">1725503346690</td><td rowspan="3">481</td></tr><tr class="passedeven"><td><a href="#m1">searchTest</a></td></tr><tr class="passedeven"><td><a href="#m2">searchTest</a></td></tr><tr class="passedeven"><td><a href="#m3">titleTest</a></td><td rowspan="1">1725503344325</td><td rowspan="1">12</td></tr><tr class="passedeven"><td><a href="#m4">urlTest</a></td><td rowspan="1">1725503341821</td><td rowspan="1">1</td></tr></tbody>
<tbody id="t1"><tr><th colspan="4">LoginPage Tests &#8212; failed</th></tr><tr class="failedeven"><td rowspan="1">com.framework.YourStore.tests.LoginPageTest</td><td><a href="#m5">loginTest</a></td><td rowspan="1">1725503344539</td><td rowspan="1">5043</td></tr><tr><th colspan="4">LoginPage Tests &#8212; passed</th></tr><tr class="passedeven"><td rowspan="2">com.framework.YourStore.tests.LoginPageTest</td><td><a href="#m6">navigateToLoginPageTest</a></td><td rowspan="1">1725503341260</td><td rowspan="1">559</td></tr><tr class="passedeven"><td><a href="#m7">urlTest</a></td><td rowspan="1">1725503342408</td><td rowspan="1">1921</td></tr></tbody>
<tbody id="t2"><tr><th colspan="4">RegisterPage Tests &#8212; failed</th></tr><tr class="failedeven"><td rowspan="1">com.framework.YourStore.tests.RegisterPageTest</td><td><a href="#m8">doRegisterNewUserTest</a></td><td rowspan="1">1725503343391</td><td rowspan="1">8062</td></tr><tr><th colspan="4">RegisterPage Tests &#8212; passed</th></tr><tr class="passedeven"><td rowspan="2">com.framework.YourStore.tests.RegisterPageTest</td><td><a href="#m9">navigateToRegisterPageTest</a></td><td rowspan="1">1725503341792</td><td rowspan="1">587</td></tr><tr class="passedeven"><td><a href="#m10">pageUrlTest</a></td><td rowspan="1">1725503343181</td><td rowspan="1">2</td></tr></tbody>
</table>
<h2>HomePage Tests</h2><h3 id="m0">com.framework.YourStore.tests.HomepageTest#searchTest</h3><table class="result"><tr class="param"><th>Parameter #1</th></tr><tr class="param stripe"><td>samsung</td></tr></table><p class="totop"><a href="#summary">back to summary</a></p>
<h3 id="m1">com.framework.YourStore.tests.HomepageTest#searchTest</h3><table class="result"><tr class="param"><th>Parameter #1</th></tr><tr class="param stripe"><td>iPad</td></tr></table><p class="totop"><a href="#summary">back to summary</a></p>
<h3 id="m2">com.framework.YourStore.tests.HomepageTest#searchTest</h3><table class="result"><tr class="param"><th>Parameter #1</th></tr><tr class="param stripe"><td>Macbook</td></tr></table><p class="totop"><a href="#summary">back to summary</a></p>
<h3 id="m3">com.framework.YourStore.tests.HomepageTest#titleTest</h3><table class="result"><tr><th class="invisible"/></tr></table><p class="totop"><a href="#summary">back to summary</a></p>
<h3 id="m4">com.framework.YourStore.tests.HomepageTest#urlTest</h3><table class="result"><tr><th class="invisible"/></tr></table><p class="totop"><a href="#summary">back to summary</a></p>
<h2>LoginPage Tests</h2><h3 id="m5">com.framework.YourStore.tests.LoginPageTest#loginTest</h3><table class="result"><tr><th>Exception</th></tr><tr><td><div class="stacktrace">java.lang.AssertionError: expected [true] but found [false]
	at com.framework.YourStore.tests.LoginPageTest.loginTest(LoginPageTest.java:28)
	at java.base/java.util.ArrayList.forEach(ArrayList.java:1511)
	at java.base/java.util.concurrent.FutureTask.run(FutureTask.java:264)
	at java.base/java.util.concurrent.ThreadPoolExecutor.runWorker(ThreadPoolExecutor.java:1136)
	at java.base/java.util.concurrent.ThreadPoolExecutor$Worker.run(ThreadPoolExecutor.java:635)
	at java.base/java.lang.Thread.run(Thread.java:840)
... Removed 24 stack frames</div></td></tr></table><p class="totop"><a href="#summary">back to summary</a></p>
<h3 id="m6">com.framework.YourStore.tests.LoginPageTest#navigateToLoginPageTest</h3><table class="result"><tr><th class="invisible"/></tr></table><p class="totop"><a href="#summary">back to summary</a></p>
<h3 id="m7">com.framework.YourStore.tests.LoginPageTest#urlTest</h3><table class="result"><tr><th class="invisible"/></tr></table><p class="totop"><a href="#summary">back to summary</a></p>
<h2>RegisterPage Tests</h2><h3 id="m8">com.framework.YourStore.tests.RegisterPageTest#doRegisterNewUserTest</h3><table class="result"><tr><th>Exception</th></tr><tr><td><div class="stacktrace">java.lang.AssertionError: expected [true] but found [false]
	at com.framework.YourStore.tests.RegisterPageTest.doRegisterNewUserTest(RegisterPageTest.java:35)
	at java.base/java.util.ArrayList.forEach(ArrayList.java:1511)
	at java.base/java.util.concurrent.FutureTask.run(FutureTask.java:264)
	at java.base/java.util.concurrent.ThreadPoolExecutor.runWorker(ThreadPoolExecutor.java:1136)
	at java.base/java.util.concurrent.ThreadPoolExecutor$Worker.run(ThreadPoolExecutor.java:635)
	at java.base/java.lang.Thread.run(Thread.java:840)
... Removed 24 stack frames</div></td></tr></table><p class="totop"><a href="#summary">back to summary</a></p>
<h3 id="m9">com.framework.YourStore.tests.RegisterPageTest#navigateToRegisterPageTest</h3><table class="result"><tr><th class="invisible"/></tr></table><p class="totop"><a href="#summary">back to summary</a></p>
<h3 id="m10">com.framework.YourStore.tests.RegisterPageTest#pageUrlTest</h3><table class="result"><tr><th class="invisible"/></tr></table><p class="totop"><a href="#summary">back to summary</a></p>
</body>
</html>
