<?xml version="1.0" encoding="UTF-8"?>
<testng-results ignored="0" total="11" passed="9" failed="2" skipped="0">
  <reporter-output>
  </reporter-output>
  <suite started-at="2024-09-05T07:58:48 IST" name="Suite" finished-at="2024-09-05T07:59:11 IST" duration-ms="23884">
    <groups>
    </groups>
    <test started-at="2024-09-05T07:58:48 IST" name="HomePage Tests" finished-at="2024-09-05T07:59:07 IST" duration-ms="19865">
      <class name="com.framework.YourStore.tests.HomepageTest">
        <test-method is-config="true" signature="setup()[pri:0, instance:com.framework.YourStore.tests.HomepageTest@479460a6]" started-at="2024-09-05T07:58:48 IST" name="setup" finished-at="2024-09-05T07:59:01 IST" duration-ms="13752" status="PASS">
          <reporter-output>
          </reporter-output>
        </test-method> <!-- setup -->
        <test-method signature="urlTest()[pri:1, instance:com.framework.YourStore.tests.HomepageTest@479460a6]" started-at="2024-09-05T07:59:01 IST" name="urlTest" finished-at="2024-09-05T07:59:01 IST" duration-ms="1" status="PASS">
          <reporter-output>
          </reporter-output>
        </test-method> <!-- urlTest -->
        <test-method signature="titleTest()[pri:2, instance:com.framework.YourStore.tests.HomepageTest@479460a6]" started-at="2024-09-05T07:59:04 IST" name="titleTest" finished-at="2024-09-05T07:59:04 IST" duration-ms="12" status="PASS">
          <reporter-output>
          </reporter-output>
        </test-method> <!-- titleTest -->
        <test-method signature="searchTest(java.lang.String)[pri:3, instance:com.framework.YourStore.tests.HomepageTest@479460a6]" started-at="2024-09-05T07:59:04 IST" name="searchTest" data-provider="getProduct" finished-at="2024-09-05T07:59:05 IST" duration-ms="581" status="PASS">
          <params>
            <param index="0">
              <value>
                <![CDATA[Macbook]]>
              </value>
            </param>
          </params>
          <reporter-output>
          </reporter-output>
        </test-method> <!-- searchTest -->
        <test-method signature="searchTest(java.lang.String)[pri:3, instance:com.framework.YourStore.tests.HomepageTest@479460a6]" started-at="2024-09-05T07:59:06 IST" name="searchTest" data-provider="getProduct" finished-at="2024-09-05T07:59:06 IST" duration-ms="452" status="PASS">
          <params>
            <param index="0">
              <value>
                <![CDATA[iPad]]>
              </value>
            </param>
          </params>
          <reporter-output>
          </reporter-output>
        </test-method> <!-- searchTest -->
        <test-method signature="searchTest(java.lang.String)[pri:3, instance:com.framework.YourStore.tests.HomepageTest@479460a6]" started-at="2024-09-05T07:59:06 IST" name="searchTest" data-provider="getProduct" finished-at="2024-09-05T07:59:07 IST" duration-ms="481" status="PASS">
          <params>
            <param index="0">
              <value>
                <![CDATA[samsung]]>
              </value>
            </param>
          </params>
          <reporter-output>
          </reporter-output>
        </test-method> <!-- searchTest -->
        <test-method is-config="true" signature="tearDown()[pri:0, instance:com.framework.YourStore.tests.HomepageTest@479460a6]" started-at="2024-09-05T07:59:07 IST" name="tearDown" finished-at="2024-09-05T07:59:07 IST" duration-ms="480" status="PASS">
          <reporter-output>
          </reporter-output>
        </test-method> <!-- tearDown -->
      </class> <!-- com.framework.YourStore.tests.HomepageTest -->
    </test> <!-- HomePage Tests -->
    <test started-at="2024-09-05T07:58:48 IST" name="LoginPage Tests" finished-at="2024-09-05T07:59:10 IST" duration-ms="22756">
      <class name="com.framework.YourStore.tests.LoginPageTest">
        <test-method is-config="true" signature="setup()[pri:0, instance:com.framework.YourStore.tests.LoginPageTest@66c61024]" started-at="2024-09-05T07:58:48 IST" name="setup" finished-at="2024-09-05T07:59:01 IST" duration-ms="13165" status="PASS">
          <reporter-output>
          </reporter-output>
        </test-method> <!-- setup -->
        <test-method signature="navigateToLoginPageTest()[pri:1, instance:com.framework.YourStore.tests.LoginPageTest@66c61024]" started-at="2024-09-05T07:59:01 IST" name="navigateToLoginPageTest" finished-at="2024-09-05T07:59:01 IST" duration-ms="559" status="PASS">
          <reporter-output>
          </reporter-output>
        </test-method> <!-- navigateToLoginPageTest -->
        <test-method signature="urlTest()[pri:2, instance:com.framework.YourStore.tests.LoginPageTest@66c61024]" started-at="2024-09-05T07:59:02 IST" name="urlTest" finished-at="2024-09-05T07:59:04 IST" duration-ms="1921" status="PASS">
          <reporter-output>
          </reporter-output>
        </test-method> <!-- urlTest -->
        <test-method signature="loginTest()[pri:3, instance:com.framework.YourStore.tests.LoginPageTest@66c61024]" started-at="2024-09-05T07:59:04 IST" name="loginTest" finished-at="2024-09-05T07:59:09 IST" duration-ms="5043" status="FAIL">
          <exception class="java.lang.AssertionError">
            <message>
              <![CDATA[expected [true] but found [false]]]>
            </message>
            <full-stacktrace>
              <![CDATA[java.lang.AssertionError: expected [true] but found [false]
at org.testng.Assert.fail(Assert.java:111)
at org.testng.Assert.failNotEquals(Assert.java:1578)
at org.testng.Assert.assertEqualsImpl(Assert.java:150)
at org.testng.Assert.assertEquals(Assert.java:132)
at org.testng.Assert.assertEquals(Assert.java:1067)
at org.testng.Assert.assertEquals(Assert.java:1031)
at org.testng.Assert.assertEquals(Assert.java:1077)
at com.framework.YourStore.tests.LoginPageTest.loginTest(LoginPageTest.java:28)
at java.base/jdk.internal.reflect.NativeMethodAccessorImpl.invoke0(Native Method)
at java.base/jdk.internal.reflect.NativeMethodAccessorImpl.invoke(NativeMethodAccessorImpl.java:77)
at java.base/jdk.internal.reflect.DelegatingMethodAccessorImpl.invoke(DelegatingMethodAccessorImpl.java:43)
at java.base/java.lang.reflect.Method.invoke(Method.java:568)
at org.testng.internal.invokers.MethodInvocationHelper.invokeMethod(MethodInvocationHelper.java:141)
at org.testng.internal.invokers.TestInvoker.invokeMethod(TestInvoker.java:686)
at org.testng.internal.invokers.TestInvoker.invokeTestMethod(TestInvoker.java:230)
at org.testng.internal.invokers.MethodRunner.runInSequence(MethodRunner.java:63)
at org.testng.internal.invokers.TestInvoker$MethodInvocationAgent.invoke(TestInvoker.java:992)
at org.testng.internal.invokers.TestInvoker.invokeTestMethods(TestInvoker.java:203)
at org.testng.internal.invokers.TestMethodWorker.invokeTestMethods(TestMethodWorker.java:154)
at org.testng.internal.invokers.TestMethodWorker.run(TestMethodWorker.java:134)
at java.base/java.util.ArrayList.forEach(ArrayList.java:1511)
at org.testng.TestRunner.privateRun(TestRunner.java:739)
at org.testng.TestRunner.run(TestRunner.java:614)
at org.testng.SuiteRunner.runTest(SuiteRunner.java:421)
at org.testng.SuiteRunner$SuiteWorker.run(SuiteRunner.java:463)
at org.testng.internal.thread.ThreadUtil.lambda$execute$0(ThreadUtil.java:64)
at java.base/java.util.concurrent.FutureTask.run(FutureTask.java:264)
at java.base/java.util.concurrent.ThreadPoolExecutor.runWorker(ThreadPoolExecutor.java:1136)
at java.base/java.util.concurrent.ThreadPoolExecutor$Worker.run(ThreadPoolExecutor.java:635)
at java.base/java.lang.Thread.run(Thread.java:840)
]]>
            </full-stacktrace>
          </exception> <!-- java.lang.AssertionError -->
          <reporter-output>
          </reporter-output>
        </test-method> <!-- loginTest -->
        <test-method is-config="true" signature="tearDown()[pri:0, instance:com.framework.YourStore.tests.LoginPageTest@66c61024]" started-at="2024-09-05T07:59:09 IST" name="tearDown" finished-at="2024-09-05T07:59:10 IST" duration-ms="910" status="PASS">
          <reporter-output>
          </reporter-output>
        </test-method> <!-- tearDown -->
      </class> <!-- com.framework.YourStore.tests.LoginPageTest -->
    </test> <!-- LoginPage Tests -->
    <test started-at="2024-09-05T07:58:48 IST" name="RegisterPage Tests" finished-at="2024-09-05T07:59:11 IST" duration-ms="23884">
      <class name="com.framework.YourStore.tests.RegisterPageTest">
        <test-method is-config="true" signature="setup()[pri:0, instance:com.framework.YourStore.tests.RegisterPageTest@66c92293]" started-at="2024-09-05T07:58:48 IST" name="setup" finished-at="2024-09-05T07:59:01 IST" duration-ms="13723" status="PASS">
          <reporter-output>
          </reporter-output>
        </test-method> <!-- setup -->
        <test-method signature="navigateToRegisterPageTest()[pri:1, instance:com.framework.YourStore.tests.RegisterPageTest@66c92293]" started-at="2024-09-05T07:59:01 IST" name="navigateToRegisterPageTest" finished-at="2024-09-05T07:59:02 IST" duration-ms="587" status="PASS">
          <reporter-output>
          </reporter-output>
        </test-method> <!-- navigateToRegisterPageTest -->
        <test-method signature="pageUrlTest()[pri:2, instance:com.framework.YourStore.tests.RegisterPageTest@66c92293]" started-at="2024-09-05T07:59:03 IST" name="pageUrlTest" finished-at="2024-09-05T07:59:03 IST" duration-ms="2" status="PASS">
          <reporter-output>
          </reporter-output>
        </test-method> <!-- pageUrlTest -->
        <test-method signature="doRegisterNewUserTest()[pri:3, instance:com.framework.YourStore.tests.RegisterPageTest@66c92293]" started-at="2024-09-05T07:59:03 IST" name="doRegisterNewUserTest" finished-at="2024-09-05T07:59:11 IST" duration-ms="8062" status="FAIL">
          <exception class="java.lang.AssertionError">
            <message>
              <![CDATA[expected [true] but found [false]]]>
            </message>
            <full-stacktrace>
              <![CDATA[java.lang.AssertionError: expected [true] but found [false]
at org.testng.Assert.fail(Assert.java:111)
at org.testng.Assert.failNotEquals(Assert.java:1578)
at org.testng.Assert.assertEqualsImpl(Assert.java:150)
at org.testng.Assert.assertEquals(Assert.java:132)
at org.testng.Assert.assertEquals(Assert.java:1067)
at org.testng.Assert.assertEquals(Assert.java:1031)
at org.testng.Assert.assertEquals(Assert.java:1077)
at com.framework.YourStore.tests.RegisterPageTest.doRegisterNewUserTest(RegisterPageTest.java:35)
at java.base/jdk.internal.reflect.NativeMethodAccessorImpl.invoke0(Native Method)
at java.base/jdk.internal.reflect.NativeMethodAccessorImpl.invoke(NativeMethodAccessorImpl.java:77)
at java.base/jdk.internal.reflect.DelegatingMethodAccessorImpl.invoke(DelegatingMethodAccessorImpl.java:43)
at java.base/java.lang.reflect.Method.invoke(Method.java:568)
at org.testng.internal.invokers.MethodInvocationHelper.invokeMethod(MethodInvocationHelper.java:141)
at org.testng.internal.invokers.TestInvoker.invokeMethod(TestInvoker.java:686)
at org.testng.internal.invokers.TestInvoker.invokeTestMethod(TestInvoker.java:230)
at org.testng.internal.invokers.MethodRunner.runInSequence(MethodRunner.java:63)
at org.testng.internal.invokers.TestInvoker$MethodInvocationAgent.invoke(TestInvoker.java:992)
at org.testng.internal.invokers.TestInvoker.invokeTestMethods(TestInvoker.java:203)
at org.testng.internal.invokers.TestMethodWorker.invokeTestMethods(TestMethodWorker.java:154)
at org.testng.internal.invokers.TestMethodWorker.run(TestMethodWorker.java:134)
at java.base/java.util.ArrayList.forEach(ArrayList.java:1511)
at org.testng.TestRunner.privateRun(TestRunner.java:739)
at org.testng.TestRunner.run(TestRunner.java:614)
at org.testng.SuiteRunner.runTest(SuiteRunner.java:421)
at org.testng.SuiteRunner$SuiteWorker.run(SuiteRunner.java:463)
at org.testng.internal.thread.ThreadUtil.lambda$execute$0(ThreadUtil.java:64)
at java.base/java.util.concurrent.FutureTask.run(FutureTask.java:264)
at java.base/java.util.concurrent.ThreadPoolExecutor.runWorker(ThreadPoolExecutor.java:1136)
at java.base/java.util.concurrent.ThreadPoolExecutor$Worker.run(ThreadPoolExecutor.java:635)
at java.base/java.lang.Thread.run(Thread.java:840)
]]>
            </full-stacktrace>
          </exception> <!-- java.lang.AssertionError -->
          <reporter-output>
          </reporter-output>
        </test-method> <!-- doRegisterNewUserTest -->
        <test-method is-config="true" signature="tearDown()[pri:0, instance:com.framework.YourStore.tests.RegisterPageTest@66c92293]" started-at="2024-09-05T07:59:11 IST" name="tearDown" finished-at="2024-09-05T07:59:11 IST" duration-ms="299" status="PASS">
          <reporter-output>
          </reporter-output>
        </test-method> <!-- tearDown -->
      </class> <!-- com.framework.YourStore.tests.RegisterPageTest -->
    </test> <!-- RegisterPage Tests -->
  </suite> <!-- Suite -->
</testng-results>
