<!DOCTYPE html PUBLIC "-//W3C//DTD XHTML 1.1//EN" "https://www.w3.org/TR/xhtml11/DTD/xhtml11.dtd">
<html xmlns="https://www.w3.org/1999/xhtml">
<head>
<meta http-equiv="content-type" content="text/html; charset=UTF-8"/>
<title>TestNG Report</title>
<style type="text/css">table {margin-bottom:10px;border-collapse:collapse;empty-cells:show}th,td {border:1px solid #009;padding:.25em .5em}th {vertical-align:bottom}td {vertical-align:top}table a {font-weight:bold}.stripe td {background-color: #E6EBF9}.num {text-align:right}.passedodd td {background-color: #3F3}.passedeven td {background-color: #0A0}.skippedodd td {background-color: #DDD}.skippedeven td {background-color: #CCC}.failedodd td,.attn {background-color: #F33}.failedeven td,.stripe .attn {background-color: #D00}.stacktrace {white-space:pre;font-family:monospace}.totop {font-size:85%;text-align:center;border-bottom:2px solid #000}.invisible {display:none}</style>
</head>
<body>
<table>
<tr><th>Test</th><th># Passed</th><th># Skipped</th><th># Retried</th><th># Failed</th><th>Time (ms)</th><th>Included Groups</th><th>Excluded Groups</th></tr>
<tr><th colspan="8">Suite</th></tr>
<tr><td><a href="#t0">HomePage Tests</a></td><td class="num">5</td><td class="num">0</td><td class="num">0</td><td class="num">0</td><td class="num">19,385</td><td></td><td></td></tr>
<tr class="stripe"><td><a href="#t1">LoginPage Tests</a></td><td class="num">2</td><td class="num">0</td><td class="num">0</td><td class="num attn">1</td><td class="num">20,985</td><td></td><td></td></tr>
<tr><td><a href="#t2">RegisterPage Tests</a></td><td class="num">2</td><td class="num">0</td><td class="num">0</td><td class="num attn">1</td><td class="num">25,727</td><td></td><td></td></tr>
<tr><th>Total</th><th class="num">9</th><th class="num">0</th><th class="num">0</th><th class="num attn">2</th><th class="num">66,097</th><th colspan="2"></th></tr>
</table>
<table id='summary'><thead><tr><th>Class</th><th>Method</th><th>Start</th><th>Time (ms)</th></tr></thead><tbody><tr><th colspan="4">Suite</th></tr></tbody><tbody id="t0"><tr><th colspan="4">HomePage Tests &#8212; passed</th></tr><tr class="passedeven"><td rowspan="5">com.framework.YourStore.tests.HomepageTest</td><td><a href="#m0">searchTest</a></td><td rowspan="3">1725469080155</td><td rowspan="3">620</td></tr><tr class="passedeven"><td><a href="#m1">searchTest</a></td></tr><tr class="passedeven"><td><a href="#m2">searchTest</a></td></tr><tr class="passedeven"><td><a href="#m3">titleTest</a></td><td rowspan="1">1725469077546</td><td rowspan="1">825</td></tr><tr class="passedeven"><td><a href="#m4">urlTest</a></td><td rowspan="1">1725469076680</td><td rowspan="1">13</td></tr></tbody>
<tbody id="t1"><tr><th colspan="4">LoginPage Tests &#8212; failed</th></tr><tr class="failedeven"><td rowspan="1">com.framework.YourStore.tests.LoginPageTest</td><td><a href="#m5">loginTest</a></td><td rowspan="1">1725469078361</td><td rowspan="1">4817</td></tr><tr><th colspan="4">LoginPage Tests &#8212; passed</th></tr><tr class="passedeven"><td rowspan="2">com.framework.YourStore.tests.LoginPageTest</td><td><a href="#m6">navigateToLoginPageTest</a></td><td rowspan="1">1725469076665</td><td rowspan="1">684</td></tr><tr class="passedeven"><td><a href="#m7">urlTest</a></td><td rowspan="1">1725469078150</td><td rowspan="1">1</td></tr></tbody>
<tbody id="t2"><tr><th colspan="4">RegisterPage Tests &#8212; failed</th></tr><tr class="failedeven"><td rowspan="1">com.framework.YourStore.tests.RegisterPageTest</td><td><a href="#m8">doRegisterNewUserTest</a></td><td rowspan="1">1725469080527</td><td rowspan="1">7737</td></tr><tr><th colspan="4">RegisterPage Tests &#8212; passed</th></tr><tr class="passedeven"><td rowspan="2">com.framework.YourStore.tests.RegisterPageTest</td><td><a href="#m9">navigateToRegisterPageTest</a></td><td rowspan="1">1725469076840</td><td rowspan="1">2151</td></tr><tr class="passedeven"><td><a href="#m10">pageUrlTest</a></td><td rowspan="1">1725469079798</td><td rowspan="1">359</td></tr></tbody>
</table>
<h2>HomePage Tests</h2><h3 id="m0">com.framework.YourStore.tests.HomepageTest#searchTest</h3><table class="result"><tr class="param"><th>Parameter #1</th></tr><tr class="param stripe"><td>iPad</td></tr></table><p class="totop"><a href="#summary">back to summary</a></p>
<h3 id="m1">com.framework.YourStore.tests.HomepageTest#searchTest</h3><table class="result"><tr class="param"><th>Parameter #1</th></tr><tr class="param stripe"><td>Macbook</td></tr></table><p class="totop"><a href="#summary">back to summary</a></p>
<h3 id="m2">com.framework.YourStore.tests.HomepageTest#searchTest</h3><table class="result"><tr class="param"><th>Parameter #1</th></tr><tr class="param stripe"><td>samsung</td></tr></table><p class="totop"><a href="#summary">back to summary</a></p>
<h3 id="m3">com.framework.YourStore.tests.HomepageTest#titleTest</h3><table class="result"><tr><th class="invisible"/></tr></table><p class="totop"><a href="#summary">back to summary</a></p>
<h3 id="m4">com.framework.YourStore.tests.HomepageTest#urlTest</h3><table class="result"><tr><th class="invisible"/></tr></table><p class="totop"><a href="#summary">back to summary</a></p>
<h2>LoginPage Tests</h2><h3 id="m5">com.framework.YourStore.tests.LoginPageTest#loginTest</h3><table class="result"><tr><th>Exception</th></tr><tr><td><div class="stacktrace">java.lang.AssertionError: expected [true] but found [false]
	at org.testng.Assert.fail(Assert.java:99)
	at org.testng.Assert.failNotEquals(Assert.java:1037)
	at org.testng.Assert.assertEqualsImpl(Assert.java:140)
	at org.testng.Assert.assertEquals(Assert.java:122)
	at org.testng.Assert.assertEquals(Assert.java:819)
	at org.testng.Assert.assertEquals(Assert.java:829)
	at com.framework.YourStore.tests.LoginPageTest.loginTest(LoginPageTest.java:28)
	at java.base/jdk.internal.reflect.NativeMethodAccessorImpl.invoke0(Native Method)
	at java.base/jdk.internal.reflect.NativeMethodAccessorImpl.invoke(NativeMethodAccessorImpl.java:77)
	at java.base/jdk.internal.reflect.DelegatingMethodAccessorImpl.invoke(DelegatingMethodAccessorImpl.java:43)
	at java.base/java.lang.reflect.Method.invoke(Method.java:568)
	at org.testng.internal.MethodInvocationHelper.invokeMethod(MethodInvocationHelper.java:133)
	at org.testng.internal.TestInvoker.invokeMethod(TestInvoker.java:598)
	at org.testng.internal.TestInvoker.invokeTestMethod(TestInvoker.java:173)
	at org.testng.internal.MethodRunner.runInSequence(MethodRunner.java:46)
	at org.testng.internal.TestInvoker$MethodInvocationAgent.invoke(TestInvoker.java:824)
	at org.testng.internal.TestInvoker.invokeTestMethods(TestInvoker.java:146)
	at org.testng.internal.TestMethodWorker.invokeTestMethods(TestMethodWorker.java:146)
	at org.testng.internal.TestMethodWorker.run(TestMethodWorker.java:128)
	at java.base/java.util.ArrayList.forEach(ArrayList.java:1511)
	at org.testng.TestRunner.privateRun(TestRunner.java:794)
	at org.testng.TestRunner.run(TestRunner.java:596)
	at org.testng.SuiteRunner.runTest(SuiteRunner.java:377)
	at org.testng.SuiteRunner.access$000(SuiteRunner.java:28)
	at org.testng.SuiteRunner$SuiteWorker.run(SuiteRunner.java:418)
	at org.testng.internal.thread.ThreadUtil.lambda$execute$0(ThreadUtil.java:64)
	at java.base/java.util.concurrent.FutureTask.run(FutureTask.java:264)
	at java.base/java.util.concurrent.ThreadPoolExecutor.runWorker(ThreadPoolExecutor.java:1136)
	at java.base/java.util.concurrent.ThreadPoolExecutor$Worker.run(ThreadPoolExecutor.java:635)
	at java.base/java.lang.Thread.run(Thread.java:840)
</div></td></tr></table><p class="totop"><a href="#summary">back to summary</a></p>
<h3 id="m6">com.framework.YourStore.tests.LoginPageTest#navigateToLoginPageTest</h3><table class="result"><tr><th class="invisible"/></tr></table><p class="totop"><a href="#summary">back to summary</a></p>
<h3 id="m7">com.framework.YourStore.tests.LoginPageTest#urlTest</h3><table class="result"><tr><th class="invisible"/></tr></table><p class="totop"><a href="#summary">back to summary</a></p>
<h2>RegisterPage Tests</h2><h3 id="m8">com.framework.YourStore.tests.RegisterPageTest#doRegisterNewUserTest</h3><table class="result"><tr><th>Exception</th></tr><tr><td><div class="stacktrace">java.lang.AssertionError: expected [true] but found [false]
	at org.testng.Assert.fail(Assert.java:99)
	at org.testng.Assert.failNotEquals(Assert.java:1037)
	at org.testng.Assert.assertEqualsImpl(Assert.java:140)
	at org.testng.Assert.assertEquals(Assert.java:122)
	at org.testng.Assert.assertEquals(Assert.java:819)
	at org.testng.Assert.assertEquals(Assert.java:829)
	at com.framework.YourStore.tests.RegisterPageTest.doRegisterNewUserTest(RegisterPageTest.java:35)
	at java.base/jdk.internal.reflect.NativeMethodAccessorImpl.invoke0(Native Method)
	at java.base/jdk.internal.reflect.NativeMethodAccessorImpl.invoke(NativeMethodAccessorImpl.java:77)
	at java.base/jdk.internal.reflect.DelegatingMethodAccessorImpl.invoke(DelegatingMethodAccessorImpl.java:43)
	at java.base/java.lang.reflect.Method.invoke(Method.java:568)
	at org.testng.internal.MethodInvocationHelper.invokeMethod(MethodInvocationHelper.java:133)
	at org.testng.internal.TestInvoker.invokeMethod(TestInvoker.java:598)
	at org.testng.internal.TestInvoker.invokeTestMethod(TestInvoker.java:173)
	at org.testng.internal.MethodRunner.runInSequence(MethodRunner.java:46)
	at org.testng.internal.TestInvoker$MethodInvocationAgent.invoke(TestInvoker.java:824)
	at org.testng.internal.TestInvoker.invokeTestMethods(TestInvoker.java:146)
	at org.testng.internal.TestMethodWorker.invokeTestMethods(TestMethodWorker.java:146)
	at org.testng.internal.TestMethodWorker.run(TestMethodWorker.java:128)
	at java.base/java.util.ArrayList.forEach(ArrayList.java:1511)
	at org.testng.TestRunner.privateRun(TestRunner.java:794)
	at org.testng.TestRunner.run(TestRunner.java:596)
	at org.testng.SuiteRunner.runTest(SuiteRunner.java:377)
	at org.testng.SuiteRunner.access$000(SuiteRunner.java:28)
	at org.testng.SuiteRunner$SuiteWorker.run(SuiteRunner.java:418)
	at org.testng.internal.thread.ThreadUtil.lambda$execute$0(ThreadUtil.java:64)
	at java.base/java.util.concurrent.FutureTask.run(FutureTask.java:264)
	at java.base/java.util.concurrent.ThreadPoolExecutor.runWorker(ThreadPoolExecutor.java:1136)
	at java.base/java.util.concurrent.ThreadPoolExecutor$Worker.run(ThreadPoolExecutor.java:635)
	at java.base/java.lang.Thread.run(Thread.java:840)
</div></td></tr></table><p class="totop"><a href="#summary">back to summary</a></p>
<h3 id="m9">com.framework.YourStore.tests.RegisterPageTest#navigateToRegisterPageTest</h3><table class="result"><tr><th class="invisible"/></tr></table><p class="totop"><a href="#summary">back to summary</a></p>
<h3 id="m10">com.framework.YourStore.tests.RegisterPageTest#pageUrlTest</h3><table class="result"><tr><th class="invisible"/></tr></table><p class="totop"><a href="#summary">back to summary</a></p>
</body>
</html>
